2025-11-29 21:01:47, MOVE, v:1, k:poo@agenda, mode:PICK
2025-11-29 21:01:49, EXEC, v:1, k:poo@agenda, mode:FULL, rate:0
2025-11-29 21:08:05, MOVE, v:1, k:poo@agenda, mode:BACK
2025-11-29 21:08:11, MOVE, v:1, k:poo@contato, mode:DOWN
2025-11-29 21:30:04, MOVE, v:1, k:poo@agenda, mode:PICK
2025-11-29 21:30:05, EXEC, v:1, k:poo@agenda, mode:FULL, rate:0, size:3
2025-11-29 21:30:06, EXEC, v:1, k:poo@agenda, mode:FULL, rate:0
2025-11-29 21:43:39, EXEC, v:1, k:poo@agenda, mode:FULL, rate:0, size:17
2025-11-29 21:55:43, EXEC, v:1, k:poo@agenda, mode:FULL, rate:0, size:23
2025-11-29 22:00:05, EXEC, v:1, k:poo@agenda, mode:FULL, rate:0, size:19
2025-11-29 22:00:05, EXEC, v:1, k:poo@agenda, mode:FULL, rate:0, size:19
2025-11-29 22:00:10, MOVE, v:1, k:poo@agenda, mode:BACK
2025-11-29 22:23:48, MOVE, v:1, k:poo@agenda, mode:PICK
2025-11-29 22:23:49, EXEC, v:1, k:poo@agenda, mode:FULL, rate:0, size:38
2025-11-29 22:23:49, EXEC, v:1, k:poo@agenda, mode:FULL, rate:0, size:38
2025-11-29 22:23:50, EXEC, v:1, k:poo@agenda, mode:FULL, rate:0, size:38
2025-11-29 22:23:50, EXEC, v:1, k:poo@agenda, mode:FULL, rate:0, size:38
2025-11-29 22:23:51, EXEC, v:1, k:poo@agenda, mode:FULL, rate:0, size:38
2025-11-29 22:23:54, MOVE, v:1, k:poo@agenda, mode:BACK
2025-11-29 22:28:30, MOVE, v:1, k:poo@agenda, mode:PICK
2025-11-29 22:28:31, EXEC, v:1, k:poo@agenda, mode:FULL, rate:0, size:39
2025-11-29 22:28:31, EXEC, v:1, k:poo@agenda, mode:FULL, rate:0, size:39
2025-11-29 22:28:31, EXEC, v:1, k:poo@agenda, mode:FULL, rate:0, size:39
2025-11-29 22:28:32, EXEC, v:1, k:poo@agenda, mode:FULL, rate:0
2025-11-29 22:30:28, EXEC, v:1, k:poo@agenda, mode:FULL, rate:0
2025-11-29 22:30:29, MOVE, v:1, k:poo@agenda, mode:BACK
2025-11-29 22:30:57, MOVE, v:1, k:poo@agenda, mode:PICK
2025-11-29 23:04:19, EXEC, v:1, k:poo@agenda, mode:FULL, rate:0, size:64
2025-11-29 23:04:19, EXEC, v:1, k:poo@agenda, mode:FULL, rate:0, size:64
2025-11-29 23:04:20, EXEC, v:1, k:poo@agenda, mode:FULL, rate:0, size:64
2025-11-29 23:04:20, EXEC, v:1, k:poo@agenda, mode:FULL, rate:0, size:64
2025-11-29 23:04:20, EXEC, v:1, k:poo@agenda, mode:FULL, rate:0, size:64
2025-11-29 23:04:22, MOVE, v:1, k:poo@agenda, mode:BACK
2025-11-29 23:04:33, MOVE, v:1, k:poo@agenda, mode:PICK
2025-11-29 23:04:33, EXEC, v:1, k:poo@agenda, mode:FULL, rate:0
2025-11-29 23:04:34, EXEC, v:1, k:poo@agenda, mode:FULL, rate:0
2025-11-29 23:04:34, EXEC, v:1, k:poo@agenda, mode:FULL, rate:0
2025-11-29 23:04:34, EXEC, v:1, k:poo@agenda, mode:FULL, rate:0
2025-11-29 23:04:34, EXEC, v:1, k:poo@agenda, mode:FULL, rate:0
2025-11-29 23:04:34, EXEC, v:1, k:poo@agenda, mode:FULL, rate:0
2025-11-29 23:04:42, MOVE, v:1, k:poo@agenda, mode:BACK
2025-11-29 23:04:52, MOVE, v:1, k:poo@agenda, mode:PICK
2025-11-29 23:04:54, EXEC, v:1, k:poo@agenda, mode:FULL, rate:0
2025-11-29 23:04:54, EXEC, v:1, k:poo@agenda, mode:FULL, rate:0
2025-11-29 23:07:10, EXEC, v:1, k:poo@agenda, mode:FULL, rate:0, size:72
2025-11-29 23:07:10, EXEC, v:1, k:poo@agenda, mode:FULL, rate:0, size:72
2025-11-29 23:07:30, EXEC, v:1, k:poo@agenda, mode:FULL, rate:0, size:70
2025-11-29 23:07:34, EXEC, v:1, k:poo@agenda, mode:FULL, rate:0
2025-11-29 23:07:35, MOVE, v:1, k:poo@agenda, mode:BACK
