2025-12-01 14:24:18, MOVE, v:1, k:poo@contato, mode:PICK
2025-12-01 14:24:18, EXEC, v:1, k:poo@contato, mode:FULL, rate:0, size:47
2025-12-01 14:24:19, EXEC, v:1, k:poo@contato, mode:FULL, rate:0
2025-12-01 14:44:06, EXEC, v:1, k:poo@contato, mode:FULL, rate:0, size:56
2025-12-01 16:47:32, MOVE, v:1, k:poo@contato, mode:PICK
2025-12-01 16:47:34, EXEC, v:1, k:poo@contato, mode:FULL, rate:0, size:59
2025-12-01 16:47:34, EXEC, v:1, k:poo@contato, mode:FULL, rate:0
2025-12-01 17:06:09, EXEC, v:1, k:poo@contato, mode:FULL, rate:0
2025-12-01 17:14:51, EXEC, v:1, k:poo@contato, mode:FULL, rate:0
2025-12-01 17:14:53, EXEC, v:1, k:poo@contato, mode:FULL, rate:0
2025-12-01 17:14:54, EXEC, v:1, k:poo@contato, mode:FULL, rate:0
2025-12-01 17:14:55, EXEC, v:1, k:poo@contato, mode:FULL, rate:0
2025-12-01 17:14:55, EXEC, v:1, k:poo@contato, mode:FULL, rate:0
2025-12-01 17:14:56, MOVE, v:1, k:poo@contato, mode:BACK
2025-12-01 17:16:15, MOVE, v:1, k:poo@contato, mode:PICK
2025-12-01 17:16:16, EXEC, v:1, k:poo@contato, mode:FULL, rate:0
2025-12-01 17:24:12, EXEC, v:1, k:poo@contato, mode:FULL, rate:0, size:63
2025-12-01 17:24:14, EXEC, v:1, k:poo@contato, mode:FULL, rate:0
2025-12-01 17:24:16, EXEC, v:1, k:poo@contato, mode:FULL, rate:0
2025-12-01 17:25:41, MOVE, v:1, k:poo@contato, mode:BACK
2025-12-01 17:25:44, MOVE, v:1, k:poo@agenda, mode:PICK
2025-12-01 17:25:45, EXEC, v:1, k:poo@agenda, mode:FULL, rate:0, size:81
2025-12-01 17:46:20, EXEC, v:1, k:poo@agenda, mode:FULL, rate:0, size:88
2025-12-01 17:46:21, EXEC, v:1, k:poo@agenda, mode:FULL, rate:0
2025-12-01 17:46:21, EXEC, v:1, k:poo@agenda, mode:FULL, rate:0
2025-12-01 17:46:25, EXEC, v:1, k:poo@agenda, mode:FULL, rate:0
2025-12-01 17:46:26, MOVE, v:1, k:poo@agenda, mode:BACK
2025-12-01 17:46:49, MOVE, v:1, k:poo@agenda, mode:PICK
2025-12-01 17:46:49, EXEC, v:1, k:poo@agenda, mode:FULL, rate:0
2025-12-01 18:25:44, EXEC, v:1, k:poo@agenda, mode:FULL, rate:0, size:93
2025-12-01 18:25:44, EXEC, v:1, k:poo@agenda, mode:FULL, rate:0, size:93
2025-12-01 18:25:44, EXEC, v:1, k:poo@agenda, mode:FULL, rate:0, size:93
2025-12-01 18:25:44, EXEC, v:1, k:poo@agenda, mode:FULL, rate:0, size:93
2025-12-01 18:25:45, MOVE, v:1, k:poo@agenda, mode:BACK
2025-12-01 18:25:56, MOVE, v:1, k:poo@agenda, mode:PICK
2025-12-01 18:25:58, EXEC, v:1, k:poo@agenda, mode:FULL, rate:0, size:93
2025-12-01 18:25:59, MOVE, v:1, k:poo@agenda, mode:BACK
2025-12-01 18:26:35, MOVE, v:1, k:poo@agenda, mode:PICK
2025-12-01 18:26:36, EXEC, v:1, k:poo@agenda, mode:FULL, rate:0
2025-12-01 18:26:52, EXEC, v:1, k:poo@agenda, mode:FULL, rate:0
